E:\OOP PROJECT\GAME\CONSOLEAPPLICATION1\DEBUG\BISHOP.OBJ
E:\OOP PROJECT\GAME\CONSOLEAPPLICATION1\DEBUG\CHESSBOARD.OBJ
E:\OOP PROJECT\GAME\CONSOLEAPPLICATION1\DEBUG\CHESSPIECE.OBJ
E:\OOP PROJECT\GAME\CONSOLEAPPLICATION1\DEBUG\KING.OBJ
E:\OOP PROJECT\GAME\CONSOLEAPPLICATION1\DEBUG\QUEEN.OBJ
E:\OOP PROJECT\GAME\CONSOLEAPPLICATION1\DEBUG\ROCK.OBJ
E:\OOP PROJECT\GAME\CONSOLEAPPLICATION1\DEBUG\SOURCE.OBJ
E:\OOP PROJECT\GAME\CONSOLEAPPLICATION1\DEBUG\VC110.PDB
E:\OOP PROJECT\GAME\CONSOLEAPPLICATION1\DEBUG\PAWN.OBJ
E:\OOP PROJECT\GAME\CONSOLEAPPLICATION1\DEBUG\KNIGHT.OBJ
E:\OOP PROJECT\GAME\DEBUG\CONSOLEAPPLICATION1.ILK
E:\OOP PROJECT\GAME\DEBUG\CONSOLEAPPLICATION1.EXE
E:\OOP PROJECT\GAME\DEBUG\CONSOLEAPPLICATION1.PDB
E:\OOP project\Game\ConsoleApplication1\Debug\Bishop.obj
E:\OOP project\Game\ConsoleApplication1\Debug\chessBoard.obj
E:\OOP project\Game\ConsoleApplication1\Debug\chessPiece.obj
E:\OOP project\Game\ConsoleApplication1\Debug\INC.obj
E:\OOP project\Game\ConsoleApplication1\Debug\Include_all.obj
E:\OOP project\Game\ConsoleApplication1\Debug\King.obj
E:\OOP project\Game\ConsoleApplication1\Debug\Knight.obj
E:\OOP project\Game\ConsoleApplication1\Debug\pawn.obj
E:\OOP project\Game\ConsoleApplication1\Debug\Queen.obj
E:\OOP project\Game\ConsoleApplication1\Debug\Rock.obj
E:\OOP project\Game\ConsoleApplication1\Debug\Source.obj
E:\OOP project\Game\ConsoleApplication1\Debug\cl.command.1.tlog
E:\OOP project\Game\ConsoleApplication1\Debug\CL.read.1.tlog
E:\OOP project\Game\ConsoleApplication1\Debug\CL.write.1.tlog
E:\OOP project\Game\ConsoleApplication1\Debug\link-cvtres.read.1.tlog
E:\OOP project\Game\ConsoleApplication1\Debug\link-cvtres.write.1.tlog
E:\OOP project\Game\ConsoleApplication1\Debug\link-rc.read.1.tlog
E:\OOP project\Game\ConsoleApplication1\Debug\link-rc.write.1.tlog
E:\OOP project\Game\ConsoleApplication1\Debug\link.1412-cvtres.read.1.tlog
E:\OOP project\Game\ConsoleApplication1\Debug\link.1412-cvtres.write.1.tlog
E:\OOP project\Game\ConsoleApplication1\Debug\link.1412-rc.read.1.tlog
E:\OOP project\Game\ConsoleApplication1\Debug\link.1412-rc.write.1.tlog
E:\OOP project\Game\ConsoleApplication1\Debug\link.1412.read.1.tlog
E:\OOP project\Game\ConsoleApplication1\Debug\link.1412.write.1.tlog
E:\OOP project\Game\ConsoleApplication1\Debug\link.1588-cvtres.read.1.tlog
E:\OOP project\Game\ConsoleApplication1\Debug\link.1588-cvtres.write.1.tlog
E:\OOP project\Game\ConsoleApplication1\Debug\link.1588-rc.read.1.tlog
E:\OOP project\Game\ConsoleApplication1\Debug\link.1588-rc.write.1.tlog
E:\OOP project\Game\ConsoleApplication1\Debug\link.1588.read.1.tlog
E:\OOP project\Game\ConsoleApplication1\Debug\link.1588.write.1.tlog
E:\OOP project\Game\ConsoleApplication1\Debug\link.1972-cvtres.read.1.tlog
E:\OOP project\Game\ConsoleApplication1\Debug\link.1972-cvtres.write.1.tlog
E:\OOP project\Game\ConsoleApplication1\Debug\link.1972-rc.read.1.tlog
E:\OOP project\Game\ConsoleApplication1\Debug\link.1972-rc.write.1.tlog
E:\OOP project\Game\ConsoleApplication1\Debug\link.1972.read.1.tlog
E:\OOP project\Game\ConsoleApplication1\Debug\link.1972.write.1.tlog
E:\OOP project\Game\ConsoleApplication1\Debug\link.2084-cvtres.read.1.tlog
E:\OOP project\Game\ConsoleApplication1\Debug\link.2084-cvtres.write.1.tlog
E:\OOP project\Game\ConsoleApplication1\Debug\link.2084-rc.read.1.tlog
E:\OOP project\Game\ConsoleApplication1\Debug\link.2084-rc.write.1.tlog
E:\OOP project\Game\ConsoleApplication1\Debug\link.2084.read.1.tlog
E:\OOP project\Game\ConsoleApplication1\Debug\link.2084.write.1.tlog
E:\OOP project\Game\ConsoleApplication1\Debug\link.3132-cvtres.read.1.tlog
E:\OOP project\Game\ConsoleApplication1\Debug\link.3132-cvtres.write.1.tlog
E:\OOP project\Game\ConsoleApplication1\Debug\link.3132-rc.read.1.tlog
E:\OOP project\Game\ConsoleApplication1\Debug\link.3132-rc.write.1.tlog
E:\OOP project\Game\ConsoleApplication1\Debug\link.3132.read.1.tlog
E:\OOP project\Game\ConsoleApplication1\Debug\link.3132.write.1.tlog
E:\OOP project\Game\ConsoleApplication1\Debug\link.3152-cvtres.read.1.tlog
E:\OOP project\Game\ConsoleApplication1\Debug\link.3152-cvtres.write.1.tlog
E:\OOP project\Game\ConsoleApplication1\Debug\link.3152-rc.read.1.tlog
E:\OOP project\Game\ConsoleApplication1\Debug\link.3152-rc.write.1.tlog
E:\OOP project\Game\ConsoleApplication1\Debug\link.3152.read.1.tlog
E:\OOP project\Game\ConsoleApplication1\Debug\link.3152.write.1.tlog
E:\OOP project\Game\ConsoleApplication1\Debug\link.3156-cvtres.read.1.tlog
E:\OOP project\Game\ConsoleApplication1\Debug\link.3156-cvtres.write.1.tlog
E:\OOP project\Game\ConsoleApplication1\Debug\link.3156-rc.read.1.tlog
E:\OOP project\Game\ConsoleApplication1\Debug\link.3156-rc.write.1.tlog
E:\OOP project\Game\ConsoleApplication1\Debug\link.3156.read.1.tlog
E:\OOP project\Game\ConsoleApplication1\Debug\link.3156.write.1.tlog
E:\OOP project\Game\ConsoleApplication1\Debug\link.3176-cvtres.read.1.tlog
E:\OOP project\Game\ConsoleApplication1\Debug\link.3176-cvtres.write.1.tlog
E:\OOP project\Game\ConsoleApplication1\Debug\link.3176-rc.read.1.tlog
E:\OOP project\Game\ConsoleApplication1\Debug\link.3176-rc.write.1.tlog
E:\OOP project\Game\ConsoleApplication1\Debug\link.3176.read.1.tlog
E:\OOP project\Game\ConsoleApplication1\Debug\link.3176.write.1.tlog
E:\OOP project\Game\ConsoleApplication1\Debug\link.3276-cvtres.read.1.tlog
E:\OOP project\Game\ConsoleApplication1\Debug\link.3276-cvtres.write.1.tlog
E:\OOP project\Game\ConsoleApplication1\Debug\link.3276-rc.read.1.tlog
E:\OOP project\Game\ConsoleApplication1\Debug\link.3276-rc.write.1.tlog
E:\OOP project\Game\ConsoleApplication1\Debug\link.3276.read.1.tlog
E:\OOP project\Game\ConsoleApplication1\Debug\link.3276.write.1.tlog
E:\OOP project\Game\ConsoleApplication1\Debug\link.3340-cvtres.read.1.tlog
E:\OOP project\Game\ConsoleApplication1\Debug\link.3340-cvtres.write.1.tlog
E:\OOP project\Game\ConsoleApplication1\Debug\link.3340-rc.read.1.tlog
E:\OOP project\Game\ConsoleApplication1\Debug\link.3340-rc.write.1.tlog
E:\OOP project\Game\ConsoleApplication1\Debug\link.3340.read.1.tlog
E:\OOP project\Game\ConsoleApplication1\Debug\link.3340.write.1.tlog
E:\OOP project\Game\ConsoleApplication1\Debug\link.3392-cvtres.read.1.tlog
E:\OOP project\Game\ConsoleApplication1\Debug\link.3392-cvtres.write.1.tlog
E:\OOP project\Game\ConsoleApplication1\Debug\link.3392-rc.read.1.tlog
E:\OOP project\Game\ConsoleApplication1\Debug\link.3392-rc.write.1.tlog
E:\OOP project\Game\ConsoleApplication1\Debug\link.3392.read.1.tlog
E:\OOP project\Game\ConsoleApplication1\Debug\link.3392.write.1.tlog
E:\OOP project\Game\ConsoleApplication1\Debug\link.3436-cvtres.read.1.tlog
E:\OOP project\Game\ConsoleApplication1\Debug\link.3436-cvtres.write.1.tlog
E:\OOP project\Game\ConsoleApplication1\Debug\link.3436-rc.read.1.tlog
E:\OOP project\Game\ConsoleApplication1\Debug\link.3436-rc.write.1.tlog
E:\OOP project\Game\ConsoleApplication1\Debug\link.3436.read.1.tlog
E:\OOP project\Game\ConsoleApplication1\Debug\link.3436.write.1.tlog
E:\OOP project\Game\ConsoleApplication1\Debug\link.3648-cvtres.read.1.tlog
E:\OOP project\Game\ConsoleApplication1\Debug\link.3648-cvtres.write.1.tlog
E:\OOP project\Game\ConsoleApplication1\Debug\link.3648-rc.read.1.tlog
E:\OOP project\Game\ConsoleApplication1\Debug\link.3648-rc.write.1.tlog
E:\OOP project\Game\ConsoleApplication1\Debug\link.3648.read.1.tlog
E:\OOP project\Game\ConsoleApplication1\Debug\link.3648.write.1.tlog
E:\OOP project\Game\ConsoleApplication1\Debug\link.3692-cvtres.read.1.tlog
E:\OOP project\Game\ConsoleApplication1\Debug\link.3692-cvtres.write.1.tlog
E:\OOP project\Game\ConsoleApplication1\Debug\link.3692-rc.read.1.tlog
E:\OOP project\Game\ConsoleApplication1\Debug\link.3692-rc.write.1.tlog
E:\OOP project\Game\ConsoleApplication1\Debug\link.3692.read.1.tlog
E:\OOP project\Game\ConsoleApplication1\Debug\link.3692.write.1.tlog
E:\OOP project\Game\ConsoleApplication1\Debug\link.3916-cvtres.read.1.tlog
E:\OOP project\Game\ConsoleApplication1\Debug\link.3916-cvtres.write.1.tlog
E:\OOP project\Game\ConsoleApplication1\Debug\link.3916-rc.read.1.tlog
E:\OOP project\Game\ConsoleApplication1\Debug\link.3916-rc.write.1.tlog
E:\OOP project\Game\ConsoleApplication1\Debug\link.3916.read.1.tlog
E:\OOP project\Game\ConsoleApplication1\Debug\link.3916.write.1.tlog
E:\OOP project\Game\ConsoleApplication1\Debug\link.4028-cvtres.read.1.tlog
E:\OOP project\Game\ConsoleApplication1\Debug\link.4028-cvtres.write.1.tlog
E:\OOP project\Game\ConsoleApplication1\Debug\link.4028-rc.read.1.tlog
E:\OOP project\Game\ConsoleApplication1\Debug\link.4028-rc.write.1.tlog
E:\OOP project\Game\ConsoleApplication1\Debug\link.4028.read.1.tlog
E:\OOP project\Game\ConsoleApplication1\Debug\link.4028.write.1.tlog
E:\OOP project\Game\ConsoleApplication1\Debug\link.4072-cvtres.read.1.tlog
E:\OOP project\Game\ConsoleApplication1\Debug\link.4072-cvtres.write.1.tlog
E:\OOP project\Game\ConsoleApplication1\Debug\link.4072-rc.read.1.tlog
E:\OOP project\Game\ConsoleApplication1\Debug\link.4072-rc.write.1.tlog
E:\OOP project\Game\ConsoleApplication1\Debug\link.4072.read.1.tlog
E:\OOP project\Game\ConsoleApplication1\Debug\link.4072.write.1.tlog
E:\OOP project\Game\ConsoleApplication1\Debug\link.4340-cvtres.read.1.tlog
E:\OOP project\Game\ConsoleApplication1\Debug\link.4340-cvtres.write.1.tlog
E:\OOP project\Game\ConsoleApplication1\Debug\link.4340-rc.read.1.tlog
E:\OOP project\Game\ConsoleApplication1\Debug\link.4340-rc.write.1.tlog
E:\OOP project\Game\ConsoleApplication1\Debug\link.4340.read.1.tlog
E:\OOP project\Game\ConsoleApplication1\Debug\link.4340.write.1.tlog
E:\OOP project\Game\ConsoleApplication1\Debug\link.4412-cvtres.read.1.tlog
E:\OOP project\Game\ConsoleApplication1\Debug\link.4412-cvtres.write.1.tlog
E:\OOP project\Game\ConsoleApplication1\Debug\link.4412-rc.read.1.tlog
E:\OOP project\Game\ConsoleApplication1\Debug\link.4412-rc.write.1.tlog
E:\OOP project\Game\ConsoleApplication1\Debug\link.4412.read.1.tlog
E:\OOP project\Game\ConsoleApplication1\Debug\link.4412.write.1.tlog
E:\OOP project\Game\ConsoleApplication1\Debug\link.4592-cvtres.read.1.tlog
E:\OOP project\Game\ConsoleApplication1\Debug\link.4592-cvtres.write.1.tlog
E:\OOP project\Game\ConsoleApplication1\Debug\link.4592-rc.read.1.tlog
E:\OOP project\Game\ConsoleApplication1\Debug\link.4592-rc.write.1.tlog
E:\OOP project\Game\ConsoleApplication1\Debug\link.4592.read.1.tlog
E:\OOP project\Game\ConsoleApplication1\Debug\link.4592.write.1.tlog
E:\OOP project\Game\ConsoleApplication1\Debug\link.4768-cvtres.read.1.tlog
E:\OOP project\Game\ConsoleApplication1\Debug\link.4768-cvtres.write.1.tlog
E:\OOP project\Game\ConsoleApplication1\Debug\link.4768-rc.read.1.tlog
E:\OOP project\Game\ConsoleApplication1\Debug\link.4768-rc.write.1.tlog
E:\OOP project\Game\ConsoleApplication1\Debug\link.4768.read.1.tlog
E:\OOP project\Game\ConsoleApplication1\Debug\link.4768.write.1.tlog
E:\OOP project\Game\ConsoleApplication1\Debug\link.4964-cvtres.read.1.tlog
E:\OOP project\Game\ConsoleApplication1\Debug\link.4964-cvtres.write.1.tlog
E:\OOP project\Game\ConsoleApplication1\Debug\link.4964-rc.read.1.tlog
E:\OOP project\Game\ConsoleApplication1\Debug\link.4964-rc.write.1.tlog
E:\OOP project\Game\ConsoleApplication1\Debug\link.4964.read.1.tlog
E:\OOP project\Game\ConsoleApplication1\Debug\link.4964.write.1.tlog
E:\OOP project\Game\ConsoleApplication1\Debug\link.4988-cvtres.read.1.tlog
E:\OOP project\Game\ConsoleApplication1\Debug\link.4988-cvtres.write.1.tlog
E:\OOP project\Game\ConsoleApplication1\Debug\link.4988-rc.read.1.tlog
E:\OOP project\Game\ConsoleApplication1\Debug\link.4988-rc.write.1.tlog
E:\OOP project\Game\ConsoleApplication1\Debug\link.4988.read.1.tlog
E:\OOP project\Game\ConsoleApplication1\Debug\link.4988.write.1.tlog
E:\OOP project\Game\ConsoleApplication1\Debug\link.5160-cvtres.read.1.tlog
E:\OOP project\Game\ConsoleApplication1\Debug\link.5160-cvtres.write.1.tlog
E:\OOP project\Game\ConsoleApplication1\Debug\link.5160-rc.read.1.tlog
E:\OOP project\Game\ConsoleApplication1\Debug\link.5160-rc.write.1.tlog
E:\OOP project\Game\ConsoleApplication1\Debug\link.5160.read.1.tlog
E:\OOP project\Game\ConsoleApplication1\Debug\link.5160.write.1.tlog
E:\OOP project\Game\ConsoleApplication1\Debug\link.5244-cvtres.read.1.tlog
E:\OOP project\Game\ConsoleApplication1\Debug\link.5244-cvtres.write.1.tlog
E:\OOP project\Game\ConsoleApplication1\Debug\link.5244-rc.read.1.tlog
E:\OOP project\Game\ConsoleApplication1\Debug\link.5244-rc.write.1.tlog
E:\OOP project\Game\ConsoleApplication1\Debug\link.5244.read.1.tlog
E:\OOP project\Game\ConsoleApplication1\Debug\link.5244.write.1.tlog
E:\OOP project\Game\ConsoleApplication1\Debug\link.5328-cvtres.read.1.tlog
E:\OOP project\Game\ConsoleApplication1\Debug\link.5328-cvtres.write.1.tlog
E:\OOP project\Game\ConsoleApplication1\Debug\link.5328-rc.read.1.tlog
E:\OOP project\Game\ConsoleApplication1\Debug\link.5328-rc.write.1.tlog
E:\OOP project\Game\ConsoleApplication1\Debug\link.5328.read.1.tlog
E:\OOP project\Game\ConsoleApplication1\Debug\link.5328.write.1.tlog
E:\OOP project\Game\ConsoleApplication1\Debug\link.5400-cvtres.read.1.tlog
E:\OOP project\Game\ConsoleApplication1\Debug\link.5400-cvtres.write.1.tlog
E:\OOP project\Game\ConsoleApplication1\Debug\link.5400-rc.read.1.tlog
E:\OOP project\Game\ConsoleApplication1\Debug\link.5400-rc.write.1.tlog
E:\OOP project\Game\ConsoleApplication1\Debug\link.5400.read.1.tlog
E:\OOP project\Game\ConsoleApplication1\Debug\link.5400.write.1.tlog
E:\OOP project\Game\ConsoleApplication1\Debug\link.5412-cvtres.read.1.tlog
E:\OOP project\Game\ConsoleApplication1\Debug\link.5412-cvtres.write.1.tlog
E:\OOP project\Game\ConsoleApplication1\Debug\link.5412-rc.read.1.tlog
E:\OOP project\Game\ConsoleApplication1\Debug\link.5412-rc.write.1.tlog
E:\OOP project\Game\ConsoleApplication1\Debug\link.5412.read.1.tlog
E:\OOP project\Game\ConsoleApplication1\Debug\link.5412.write.1.tlog
E:\OOP project\Game\ConsoleApplication1\Debug\link.5420-cvtres.read.1.tlog
E:\OOP project\Game\ConsoleApplication1\Debug\link.5420-cvtres.write.1.tlog
E:\OOP project\Game\ConsoleApplication1\Debug\link.5420-rc.read.1.tlog
E:\OOP project\Game\ConsoleApplication1\Debug\link.5420-rc.write.1.tlog
E:\OOP project\Game\ConsoleApplication1\Debug\link.5420.read.1.tlog
E:\OOP project\Game\ConsoleApplication1\Debug\link.5420.write.1.tlog
E:\OOP project\Game\ConsoleApplication1\Debug\link.5444-cvtres.read.1.tlog
E:\OOP project\Game\ConsoleApplication1\Debug\link.5444-cvtres.write.1.tlog
E:\OOP project\Game\ConsoleApplication1\Debug\link.5444-rc.read.1.tlog
E:\OOP project\Game\ConsoleApplication1\Debug\link.5444-rc.write.1.tlog
E:\OOP project\Game\ConsoleApplication1\Debug\link.5444.read.1.tlog
E:\OOP project\Game\ConsoleApplication1\Debug\link.5444.write.1.tlog
E:\OOP project\Game\ConsoleApplication1\Debug\link.5728-cvtres.read.1.tlog
E:\OOP project\Game\ConsoleApplication1\Debug\link.5728-cvtres.write.1.tlog
E:\OOP project\Game\ConsoleApplication1\Debug\link.5728-rc.read.1.tlog
E:\OOP project\Game\ConsoleApplication1\Debug\link.5728-rc.write.1.tlog
E:\OOP project\Game\ConsoleApplication1\Debug\link.5728.read.1.tlog
E:\OOP project\Game\ConsoleApplication1\Debug\link.5728.write.1.tlog
E:\OOP project\Game\ConsoleApplication1\Debug\link.5768-cvtres.read.1.tlog
E:\OOP project\Game\ConsoleApplication1\Debug\link.5768-cvtres.write.1.tlog
E:\OOP project\Game\ConsoleApplication1\Debug\link.5768-rc.read.1.tlog
E:\OOP project\Game\ConsoleApplication1\Debug\link.5768-rc.write.1.tlog
E:\OOP project\Game\ConsoleApplication1\Debug\link.5768.read.1.tlog
E:\OOP project\Game\ConsoleApplication1\Debug\link.5768.write.1.tlog
E:\OOP project\Game\ConsoleApplication1\Debug\link.5792-cvtres.read.1.tlog
E:\OOP project\Game\ConsoleApplication1\Debug\link.5792-cvtres.write.1.tlog
E:\OOP project\Game\ConsoleApplication1\Debug\link.5792-rc.read.1.tlog
E:\OOP project\Game\ConsoleApplication1\Debug\link.5792-rc.write.1.tlog
E:\OOP project\Game\ConsoleApplication1\Debug\link.5792.read.1.tlog
E:\OOP project\Game\ConsoleApplication1\Debug\link.5792.write.1.tlog
E:\OOP project\Game\ConsoleApplication1\Debug\link.5908-cvtres.read.1.tlog
E:\OOP project\Game\ConsoleApplication1\Debug\link.5908-cvtres.write.1.tlog
E:\OOP project\Game\ConsoleApplication1\Debug\link.5908-rc.read.1.tlog
E:\OOP project\Game\ConsoleApplication1\Debug\link.5908-rc.write.1.tlog
E:\OOP project\Game\ConsoleApplication1\Debug\link.5908.read.1.tlog
E:\OOP project\Game\ConsoleApplication1\Debug\link.5908.write.1.tlog
E:\OOP project\Game\ConsoleApplication1\Debug\link.5916-cvtres.read.1.tlog
E:\OOP project\Game\ConsoleApplication1\Debug\link.5916-cvtres.write.1.tlog
E:\OOP project\Game\ConsoleApplication1\Debug\link.5916-rc.read.1.tlog
E:\OOP project\Game\ConsoleApplication1\Debug\link.5916-rc.write.1.tlog
E:\OOP project\Game\ConsoleApplication1\Debug\link.5916.read.1.tlog
E:\OOP project\Game\ConsoleApplication1\Debug\link.5916.write.1.tlog
E:\OOP project\Game\ConsoleApplication1\Debug\link.5972-cvtres.read.1.tlog
E:\OOP project\Game\ConsoleApplication1\Debug\link.5972-cvtres.write.1.tlog
E:\OOP project\Game\ConsoleApplication1\Debug\link.5972-rc.read.1.tlog
E:\OOP project\Game\ConsoleApplication1\Debug\link.5972-rc.write.1.tlog
E:\OOP project\Game\ConsoleApplication1\Debug\link.5972.read.1.tlog
E:\OOP project\Game\ConsoleApplication1\Debug\link.5972.write.1.tlog
E:\OOP project\Game\ConsoleApplication1\Debug\link.6044-cvtres.read.1.tlog
E:\OOP project\Game\ConsoleApplication1\Debug\link.6044-cvtres.write.1.tlog
E:\OOP project\Game\ConsoleApplication1\Debug\link.6044-rc.read.1.tlog
E:\OOP project\Game\ConsoleApplication1\Debug\link.6044-rc.write.1.tlog
E:\OOP project\Game\ConsoleApplication1\Debug\link.6044.read.1.tlog
E:\OOP project\Game\ConsoleApplication1\Debug\link.6044.write.1.tlog
E:\OOP project\Game\ConsoleApplication1\Debug\link.6060-cvtres.read.1.tlog
E:\OOP project\Game\ConsoleApplication1\Debug\link.6060-cvtres.write.1.tlog
E:\OOP project\Game\ConsoleApplication1\Debug\link.6060-rc.read.1.tlog
E:\OOP project\Game\ConsoleApplication1\Debug\link.6060-rc.write.1.tlog
E:\OOP project\Game\ConsoleApplication1\Debug\link.6060.read.1.tlog
E:\OOP project\Game\ConsoleApplication1\Debug\link.6060.write.1.tlog
E:\OOP project\Game\ConsoleApplication1\Debug\link.6204-cvtres.read.1.tlog
E:\OOP project\Game\ConsoleApplication1\Debug\link.6204-cvtres.write.1.tlog
E:\OOP project\Game\ConsoleApplication1\Debug\link.6204-rc.read.1.tlog
E:\OOP project\Game\ConsoleApplication1\Debug\link.6204-rc.write.1.tlog
E:\OOP project\Game\ConsoleApplication1\Debug\link.6204.read.1.tlog
E:\OOP project\Game\ConsoleApplication1\Debug\link.6204.write.1.tlog
E:\OOP project\Game\ConsoleApplication1\Debug\link.6288-cvtres.read.1.tlog
E:\OOP project\Game\ConsoleApplication1\Debug\link.6288-cvtres.write.1.tlog
E:\OOP project\Game\ConsoleApplication1\Debug\link.6288-rc.read.1.tlog
E:\OOP project\Game\ConsoleApplication1\Debug\link.6288-rc.write.1.tlog
E:\OOP project\Game\ConsoleApplication1\Debug\link.6288.read.1.tlog
E:\OOP project\Game\ConsoleApplication1\Debug\link.6288.write.1.tlog
E:\OOP project\Game\ConsoleApplication1\Debug\link.6396-cvtres.read.1.tlog
E:\OOP project\Game\ConsoleApplication1\Debug\link.6396-cvtres.write.1.tlog
E:\OOP project\Game\ConsoleApplication1\Debug\link.6396-rc.read.1.tlog
E:\OOP project\Game\ConsoleApplication1\Debug\link.6396-rc.write.1.tlog
E:\OOP project\Game\ConsoleApplication1\Debug\link.6396.read.1.tlog
E:\OOP project\Game\ConsoleApplication1\Debug\link.6396.write.1.tlog
E:\OOP project\Game\ConsoleApplication1\Debug\link.6472-cvtres.read.1.tlog
E:\OOP project\Game\ConsoleApplication1\Debug\link.6472-cvtres.write.1.tlog
E:\OOP project\Game\ConsoleApplication1\Debug\link.6472-rc.read.1.tlog
E:\OOP project\Game\ConsoleApplication1\Debug\link.6472-rc.write.1.tlog
E:\OOP project\Game\ConsoleApplication1\Debug\link.6472.read.1.tlog
E:\OOP project\Game\ConsoleApplication1\Debug\link.6472.write.1.tlog
E:\OOP project\Game\ConsoleApplication1\Debug\link.6488-cvtres.read.1.tlog
E:\OOP project\Game\ConsoleApplication1\Debug\link.6488-cvtres.write.1.tlog
E:\OOP project\Game\ConsoleApplication1\Debug\link.6488-rc.read.1.tlog
E:\OOP project\Game\ConsoleApplication1\Debug\link.6488-rc.write.1.tlog
E:\OOP project\Game\ConsoleApplication1\Debug\link.6488.read.1.tlog
E:\OOP project\Game\ConsoleApplication1\Debug\link.6488.write.1.tlog
E:\OOP project\Game\ConsoleApplication1\Debug\link.6944-cvtres.read.1.tlog
E:\OOP project\Game\ConsoleApplication1\Debug\link.6944-cvtres.write.1.tlog
E:\OOP project\Game\ConsoleApplication1\Debug\link.6944-rc.read.1.tlog
E:\OOP project\Game\ConsoleApplication1\Debug\link.6944-rc.write.1.tlog
E:\OOP project\Game\ConsoleApplication1\Debug\link.6944.read.1.tlog
E:\OOP project\Game\ConsoleApplication1\Debug\link.6944.write.1.tlog
E:\OOP project\Game\ConsoleApplication1\Debug\link.6948-cvtres.read.1.tlog
E:\OOP project\Game\ConsoleApplication1\Debug\link.6948-cvtres.write.1.tlog
E:\OOP project\Game\ConsoleApplication1\Debug\link.6948-rc.read.1.tlog
E:\OOP project\Game\ConsoleApplication1\Debug\link.6948-rc.write.1.tlog
E:\OOP project\Game\ConsoleApplication1\Debug\link.6948.read.1.tlog
E:\OOP project\Game\ConsoleApplication1\Debug\link.6948.write.1.tlog
E:\OOP project\Game\ConsoleApplication1\Debug\link.7040-cvtres.read.1.tlog
E:\OOP project\Game\ConsoleApplication1\Debug\link.7040-cvtres.write.1.tlog
E:\OOP project\Game\ConsoleApplication1\Debug\link.7040-rc.read.1.tlog
E:\OOP project\Game\ConsoleApplication1\Debug\link.7040-rc.write.1.tlog
E:\OOP project\Game\ConsoleApplication1\Debug\link.7040.read.1.tlog
E:\OOP project\Game\ConsoleApplication1\Debug\link.7040.write.1.tlog
E:\OOP project\Game\ConsoleApplication1\Debug\link.7064-cvtres.read.1.tlog
E:\OOP project\Game\ConsoleApplication1\Debug\link.7064-cvtres.write.1.tlog
E:\OOP project\Game\ConsoleApplication1\Debug\link.7064-rc.read.1.tlog
E:\OOP project\Game\ConsoleApplication1\Debug\link.7064-rc.write.1.tlog
E:\OOP project\Game\ConsoleApplication1\Debug\link.7064.read.1.tlog
E:\OOP project\Game\ConsoleApplication1\Debug\link.7064.write.1.tlog
E:\OOP project\Game\ConsoleApplication1\Debug\link.7100-cvtres.read.1.tlog
E:\OOP project\Game\ConsoleApplication1\Debug\link.7100-cvtres.write.1.tlog
E:\OOP project\Game\ConsoleApplication1\Debug\link.7100-rc.read.1.tlog
E:\OOP project\Game\ConsoleApplication1\Debug\link.7100-rc.write.1.tlog
E:\OOP project\Game\ConsoleApplication1\Debug\link.7100.read.1.tlog
E:\OOP project\Game\ConsoleApplication1\Debug\link.7100.write.1.tlog
E:\OOP project\Game\ConsoleApplication1\Debug\link.command.1.tlog
E:\OOP project\Game\ConsoleApplication1\Debug\link.read.1.tlog
E:\OOP project\Game\ConsoleApplication1\Debug\link.write.1.tlog
E:\OOP project\Game\ConsoleApplication1\Debug\vc110.idb
E:\OOP project\Game\ConsoleApplication1\Debug\vc110.pdb
E:\OOP project\Game\Debug\ConsoleApplication1.pdb
E:\OOP project\Game\Debug\ConsoleApplication1.exe
E:\OOP project\Game\Debug\ConsoleApplication1.ilk
